2019-02-24T20:21:49.344818Z 0 [Warning] TIMESTAMP with implicit DEFAULT value is deprecated. Please use --explicit_defaults_for_timestamp server option (see documentation for more details).
2019-02-24T20:21:49.345280Z 0 [Note] /usr/sbin/mysqld (mysqld 5.7.23) starting as process 30 ...
2019-02-24T20:21:49.354154Z 0 [Note] InnoDB: PUNCH HOLE support available
2019-02-24T20:21:49.355083Z 0 [Note] InnoDB: Mutexes and rw_locks use GCC atomic builtins
2019-02-24T20:21:49.356052Z 0 [Note] InnoDB: Uses event mutexes
2019-02-24T20:21:49.356839Z 0 [Note] InnoDB: GCC builtin __atomic_thread_fence() is used for memory barrier
2019-02-24T20:21:49.357027Z 0 [Note] InnoDB: Compressed tables use zlib 1.2.3
2019-02-24T20:21:49.358093Z 0 [Note] InnoDB: Using Linux native AIO
2019-02-24T20:21:49.366698Z 0 [Note] InnoDB: Number of pools: 1
2019-02-24T20:21:49.367819Z 0 [Note] InnoDB: Using CPU crc32 instructions
2019-02-24T20:21:49.373056Z 0 [Note] InnoDB: Initializing buffer pool, total size = 32M, instances = 1, chunk size = 32M
2019-02-24T20:21:49.390256Z 0 [Note] InnoDB: Completed initialization of buffer pool
2019-02-24T20:21:49.394877Z 0 [Note] InnoDB: If the mysqld execution user is authorized, page cleaner thread priority can be changed. See the man page of setpriority().
2019-02-24T20:21:49.416323Z 0 [Note] InnoDB: Highest supported file format is Barracuda.
2019-02-24T20:21:49.418636Z 0 [Note] InnoDB: Log scan progressed past the checkpoint lsn 2588963
2019-02-24T20:21:49.419702Z 0 [Note] InnoDB: Doing recovery: scanned up to log sequence number 2591784
2019-02-24T20:21:49.421857Z 0 [Note] InnoDB: Database was not shutdown normally!
2019-02-24T20:21:49.422241Z 0 [Note] InnoDB: Starting crash recovery.
2019-02-24T20:21:49.847875Z 0 [Note] InnoDB: Starting an apply batch of log records to the database...
InnoDB: Progress in percent: 27 28 29 30 31 32 33 34 35 36 37 38 39 40 41 42 43 44 45 46 47 48 49 50 51 52 53 54 55 56 57 58 59 60 61 62 63 64 65 66 67 68 69 70 71 72 73 74 75 76 77 78 79 80 81 82 83 84 85 86 87 88 89 90 91 92 93 94 95 96 97 98 99 
2019-02-24T20:21:50.414450Z 0 [Note] InnoDB: Apply batch completed
2019-02-24T20:21:50.517135Z 0 [Note] InnoDB: Removed temporary tablespace data file: "ibtmp1"
2019-02-24T20:21:50.517645Z 0 [Note] InnoDB: Creating shared tablespace for temporary tables
2019-02-24T20:21:50.518730Z 0 [Note] InnoDB: Setting file './ibtmp1' size to 12 MB. Physically writing the file full; Please wait ...
2019-02-24T20:21:50.563362Z 0 [Note] InnoDB: File './ibtmp1' size is now 12 MB.
2019-02-24T20:21:50.564412Z 0 [Note] InnoDB: 96 redo rollback segment(s) found. 96 redo rollback segment(s) are active.
2019-02-24T20:21:50.564541Z 0 [Note] InnoDB: 32 non-redo rollback segment(s) are active.
2019-02-24T20:21:50.566037Z 0 [Note] InnoDB: Waiting for purge to start
2019-02-24T20:21:50.616794Z 0 [Note] InnoDB: 5.7.23 started; log sequence number 2591784
2019-02-24T20:21:50.618247Z 0 [Note] Plugin 'FEDERATED' is disabled.
2019-02-24T20:21:50.625745Z 0 [Warning] Failed to set up SSL because of the following SSL library error: SSL context is not usable without certificate and private key
2019-02-24T20:21:50.644241Z 0 [Note] Server hostname (bind-address): '*'; port: 3306
2019-02-24T20:21:50.646105Z 0 [Note] IPv6 is available.
2019-02-24T20:21:50.654435Z 0 [Note]   - '::' resolves to '::';
2019-02-24T20:21:50.655404Z 0 [Note] Server socket created on IP: '::'.
2019-02-24T20:21:50.658283Z 0 [Warning] Insecure configuration for --pid-file: Location '/var/run/mysqld' in the path is accessible to all OS users. Consider choosing a different directory.
2019-02-24T20:21:50.670032Z 0 [Note] InnoDB: Loading buffer pool(s) from /var/lib/mysql/ib_buffer_pool
2019-02-24T20:21:50.675392Z 0 [ERROR] /usr/sbin/mysqld: Table './mysql/user' is marked as crashed and should be repaired
2019-02-24T20:21:50.676809Z 0 [Warning] Checking table:   './mysql/user'
2019-02-24T20:21:50.678142Z 0 [ERROR] 1 client is using or hasn't closed the table properly
2019-02-24T20:21:50.679760Z 0 [Warning] 'user' entry 'root@localhost' ignored in --skip-name-resolve mode.
2019-02-24T20:21:50.684702Z 0 [Warning] 'user' entry 'mysql.session@localhost' ignored in --skip-name-resolve mode.
2019-02-24T20:21:50.685260Z 0 [Warning] 'user' entry 'mysql.sys@localhost' ignored in --skip-name-resolve mode.
2019-02-24T20:21:50.686004Z 0 [Warning] 'db' entry 'performance_schema mysql.session@localhost' ignored in --skip-name-resolve mode.
2019-02-24T20:21:50.678088Z 0 [Note] InnoDB: Buffer pool(s) load completed at 190224 20:21:50
2019-02-24T20:21:50.694832Z 0 [Warning] 'db' entry 'sys mysql.sys@localhost' ignored in --skip-name-resolve mode.
2019-02-24T20:21:50.696334Z 0 [Warning] 'proxies_priv' entry '@ root@localhost' ignored in --skip-name-resolve mode.
2019-02-24T20:21:50.700939Z 0 [Warning] 'tables_priv' entry 'user mysql.session@localhost' ignored in --skip-name-resolve mode.
2019-02-24T20:21:50.704896Z 0 [Warning] 'tables_priv' entry 'sys_config mysql.sys@localhost' ignored in --skip-name-resolve mode.
2019-02-24T20:21:50.745655Z 0 [Note] Event Scheduler: Loaded 0 events
2019-02-24T20:21:50.750844Z 0 [Note] /usr/sbin/mysqld: ready for connections.
Version: '5.7.23'  socket: '/var/run/mysqld/mysqld.sock'  port: 3306  MySQL Community Server (GPL)
2019-02-24T20:21:59.902220Z 4 [ERROR] /usr/sbin/mysqld: Table './mysql/proc' is marked as crashed and should be repaired
2019-02-24T20:21:59.902727Z 4 [Warning] Checking table:   './mysql/proc'
2019-02-24T20:21:59.925498Z 6 [Warning] 'user' entry 'root@localhost' ignored in --skip-name-resolve mode.
2019-02-24T20:21:59.925687Z 6 [Warning] 'user' entry 'mysql.session@localhost' ignored in --skip-name-resolve mode.
2019-02-24T20:21:59.925791Z 6 [Warning] 'user' entry 'mysql.sys@localhost' ignored in --skip-name-resolve mode.
2019-02-24T20:21:59.925914Z 6 [Warning] 'db' entry 'performance_schema mysql.session@localhost' ignored in --skip-name-resolve mode.
2019-02-24T20:21:59.926005Z 6 [Warning] 'db' entry 'sys mysql.sys@localhost' ignored in --skip-name-resolve mode.
2019-02-24T20:21:59.926108Z 6 [Warning] 'proxies_priv' entry '@ root@localhost' ignored in --skip-name-resolve mode.
2019-02-24T20:21:59.926439Z 6 [Warning] 'tables_priv' entry 'user mysql.session@localhost' ignored in --skip-name-resolve mode.
2019-02-24T20:21:59.926542Z 6 [Warning] 'tables_priv' entry 'sys_config mysql.sys@localhost' ignored in --skip-name-resolve mode.
2019-02-24T21:01:53.572177Z 0 [Note] Giving 0 client threads a chance to die gracefully
2019-02-24T21:01:53.572473Z 0 [Note] Shutting down slave threads
2019-02-24T21:01:53.573448Z 0 [Note] Forcefully disconnecting 0 remaining clients
2019-02-24T21:01:53.574461Z 0 [Note] Event Scheduler: Purging the queue. 0 events
2019-02-24T21:01:53.574654Z 0 [Note] Binlog end
2019-02-24T21:01:53.576577Z 0 [Note] Shutting down plugin 'ngram'
2019-02-24T21:01:53.576764Z 0 [Note] Shutting down plugin 'partition'
2019-02-24T21:01:53.576886Z 0 [Note] Shutting down plugin 'BLACKHOLE'
2019-02-24T21:01:53.577356Z 0 [Note] Shutting down plugin 'ARCHIVE'
2019-02-24T21:01:53.577537Z 0 [Note] Shutting down plugin 'PERFORMANCE_SCHEMA'
2019-02-24T21:01:53.578175Z 0 [Note] Shutting down plugin 'MRG_MYISAM'
2019-02-24T21:01:53.578446Z 0 [Note] Shutting down plugin 'MyISAM'
2019-02-24T21:01:53.578617Z 0 [Note] Shutting down plugin 'INNODB_SYS_VIRTUAL'
2019-02-24T21:01:53.578769Z 0 [Note] Shutting down plugin 'INNODB_SYS_DATAFILES'
2019-02-24T21:01:53.578884Z 0 [Note] Shutting down plugin 'INNODB_SYS_TABLESPACES'
2019-02-24T21:01:53.579316Z 0 [Note] Shutting down plugin 'INNODB_SYS_FOREIGN_COLS'
2019-02-24T21:01:53.579487Z 0 [Note] Shutting down plugin 'INNODB_SYS_FOREIGN'
2019-02-24T21:01:53.579666Z 0 [Note] Shutting down plugin 'INNODB_SYS_FIELDS'
2019-02-24T21:01:53.579861Z 0 [Note] Shutting down plugin 'INNODB_SYS_COLUMNS'
2019-02-24T21:01:53.580048Z 0 [Note] Shutting down plugin 'INNODB_SYS_INDEXES'
2019-02-24T21:01:53.580215Z 0 [Note] Shutting down plugin 'INNODB_SYS_TABLESTATS'
2019-02-24T21:01:53.580347Z 0 [Note] Shutting down plugin 'INNODB_SYS_TABLES'
2019-02-24T21:01:53.580582Z 0 [Note] Shutting down plugin 'INNODB_FT_INDEX_TABLE'
2019-02-24T21:01:53.580858Z 0 [Note] Shutting down plugin 'INNODB_FT_INDEX_CACHE'
2019-02-24T21:01:53.581241Z 0 [Note] Shutting down plugin 'INNODB_FT_CONFIG'
2019-02-24T21:01:53.581977Z 0 [Note] Shutting down plugin 'INNODB_FT_BEING_DELETED'
2019-02-24T21:01:53.582125Z 0 [Note] Shutting down plugin 'INNODB_FT_DELETED'
2019-02-24T21:01:53.583244Z 0 [Note] Shutting down plugin 'INNODB_FT_DEFAULT_STOPWORD'
2019-02-24T21:01:53.583937Z 0 [Note] Shutting down plugin 'INNODB_METRICS'
2019-02-24T21:01:53.584237Z 0 [Note] Shutting down plugin 'INNODB_TEMP_TABLE_INFO'
2019-02-24T21:01:53.584343Z 0 [Note] Shutting down plugin 'INNODB_BUFFER_POOL_STATS'
2019-02-24T21:01:53.585202Z 0 [Note] Shutting down plugin 'INNODB_BUFFER_PAGE_LRU'
2019-02-24T21:01:53.586203Z 0 [Note] Shutting down plugin 'INNODB_BUFFER_PAGE'
2019-02-24T21:01:53.587124Z 0 [Note] Shutting down plugin 'INNODB_CMP_PER_INDEX_RESET'
2019-02-24T21:01:53.588105Z 0 [Note] Shutting down plugin 'INNODB_CMP_PER_INDEX'
2019-02-24T21:01:53.588730Z 0 [Note] Shutting down plugin 'INNODB_CMPMEM_RESET'
2019-02-24T21:01:53.589091Z 0 [Note] Shutting down plugin 'INNODB_CMPMEM'
2019-02-24T21:01:53.590067Z 0 [Note] Shutting down plugin 'INNODB_CMP_RESET'
2019-02-24T21:01:53.591045Z 0 [Note] Shutting down plugin 'INNODB_CMP'
2019-02-24T21:01:53.592009Z 0 [Note] Shutting down plugin 'INNODB_LOCK_WAITS'
2019-02-24T21:01:53.593026Z 0 [Note] Shutting down plugin 'INNODB_LOCKS'
2019-02-24T21:01:53.594243Z 0 [Note] Shutting down plugin 'INNODB_TRX'
2019-02-24T21:01:53.594413Z 0 [Note] Shutting down plugin 'InnoDB'
2019-02-24T21:01:53.595133Z 0 [Note] InnoDB: FTS optimize thread exiting.
2019-02-24T21:01:53.595562Z 0 [Note] InnoDB: Starting shutdown...
2019-02-24T21:01:53.696293Z 0 [Note] InnoDB: Dumping buffer pool(s) to /var/lib/mysql/ib_buffer_pool
2019-02-24T21:01:53.696966Z 0 [Note] InnoDB: Buffer pool(s) dump completed at 190224 21:01:53
2019-02-24T21:01:55.013768Z 0 [Note] InnoDB: Shutdown completed; log sequence number 3898481
2019-02-24T21:01:55.015139Z 0 [Note] InnoDB: Removed temporary tablespace data file: "ibtmp1"
2019-02-24T21:01:55.015648Z 0 [Note] Shutting down plugin 'MEMORY'
2019-02-24T21:01:55.016030Z 0 [Note] Shutting down plugin 'CSV'
2019-02-24T21:01:55.016380Z 0 [Note] Shutting down plugin 'sha256_password'
2019-02-24T21:01:55.016658Z 0 [Note] Shutting down plugin 'mysql_native_password'
2019-02-24T21:01:55.017400Z 0 [Note] Shutting down plugin 'binlog'
2019-02-24T21:01:55.019131Z 0 [Note] /usr/sbin/mysqld: Shutdown complete

2019-02-25T03:04:07.683694Z 0 [Warning] TIMESTAMP with implicit DEFAULT value is deprecated. Please use --explicit_defaults_for_timestamp server option (see documentation for more details).
2019-02-25T03:04:07.684318Z 0 [Note] /usr/sbin/mysqld (mysqld 5.7.23) starting as process 77 ...
2019-02-25T03:04:07.742587Z 0 [Note] InnoDB: PUNCH HOLE support available
2019-02-25T03:04:07.743422Z 0 [Note] InnoDB: Mutexes and rw_locks use GCC atomic builtins
2019-02-25T03:04:07.743702Z 0 [Note] InnoDB: Uses event mutexes
2019-02-25T03:04:07.744675Z 0 [Note] InnoDB: GCC builtin __atomic_thread_fence() is used for memory barrier
2019-02-25T03:04:07.745610Z 0 [Note] InnoDB: Compressed tables use zlib 1.2.3
2019-02-25T03:04:07.746576Z 0 [Note] InnoDB: Using Linux native AIO
2019-02-25T03:04:07.747823Z 0 [Note] InnoDB: Number of pools: 1
2019-02-25T03:04:07.748764Z 0 [Note] InnoDB: Using CPU crc32 instructions
2019-02-25T03:04:07.752115Z 0 [Note] InnoDB: Initializing buffer pool, total size = 32M, instances = 1, chunk size = 32M
2019-02-25T03:04:07.756831Z 0 [Note] InnoDB: Completed initialization of buffer pool
2019-02-25T03:04:07.764737Z 0 [Note] InnoDB: If the mysqld execution user is authorized, page cleaner thread priority can be changed. See the man page of setpriority().
2019-02-25T03:04:07.777779Z 0 [Note] InnoDB: Highest supported file format is Barracuda.
2019-02-25T03:04:07.868857Z 0 [Note] InnoDB: Creating shared tablespace for temporary tables
2019-02-25T03:04:07.873600Z 0 [Note] InnoDB: Setting file './ibtmp1' size to 12 MB. Physically writing the file full; Please wait ...
2019-02-25T03:04:07.933709Z 0 [Note] InnoDB: File './ibtmp1' size is now 12 MB.
2019-02-25T03:04:07.935230Z 0 [Note] InnoDB: 96 redo rollback segment(s) found. 96 redo rollback segment(s) are active.
2019-02-25T03:04:07.936047Z 0 [Note] InnoDB: 32 non-redo rollback segment(s) are active.
2019-02-25T03:04:07.937847Z 0 [Note] InnoDB: Waiting for purge to start
2019-02-25T03:04:07.989262Z 0 [Note] InnoDB: 5.7.23 started; log sequence number 3898481
2019-02-25T03:04:07.990217Z 0 [Note] Plugin 'FEDERATED' is disabled.
2019-02-25T03:04:07.992356Z 0 [Warning] Failed to set up SSL because of the following SSL library error: SSL context is not usable without certificate and private key
2019-02-25T03:04:07.992612Z 0 [Note] Server hostname (bind-address): '*'; port: 3306
2019-02-25T03:04:07.993303Z 0 [Note] IPv6 is available.
2019-02-25T03:04:07.993581Z 0 [Note]   - '::' resolves to '::';
2019-02-25T03:04:07.994552Z 0 [Note] Server socket created on IP: '::'.
2019-02-25T03:04:07.994693Z 0 [Note] InnoDB: Loading buffer pool(s) from /var/lib/mysql/ib_buffer_pool
2019-02-25T03:04:07.996731Z 0 [Note] InnoDB: Buffer pool(s) load completed at 190225  3:04:07
2019-02-25T03:04:08.022850Z 0 [Warning] Insecure configuration for --pid-file: Location '/var/run/mysqld' in the path is accessible to all OS users. Consider choosing a different directory.
2019-02-25T03:04:08.025029Z 0 [Warning] 'user' entry 'root@localhost' ignored in --skip-name-resolve mode.
2019-02-25T03:04:08.025826Z 0 [Warning] 'user' entry 'mysql.session@localhost' ignored in --skip-name-resolve mode.
2019-02-25T03:04:08.025969Z 0 [Warning] 'user' entry 'mysql.sys@localhost' ignored in --skip-name-resolve mode.
2019-02-25T03:04:08.026327Z 0 [Warning] 'db' entry 'performance_schema mysql.session@localhost' ignored in --skip-name-resolve mode.
2019-02-25T03:04:08.026779Z 0 [Warning] 'db' entry 'sys mysql.sys@localhost' ignored in --skip-name-resolve mode.
2019-02-25T03:04:08.027358Z 0 [Warning] 'proxies_priv' entry '@ root@localhost' ignored in --skip-name-resolve mode.
2019-02-25T03:04:08.029669Z 0 [Warning] 'tables_priv' entry 'user mysql.session@localhost' ignored in --skip-name-resolve mode.
2019-02-25T03:04:08.030686Z 0 [Warning] 'tables_priv' entry 'sys_config mysql.sys@localhost' ignored in --skip-name-resolve mode.
2019-02-25T03:04:08.052707Z 0 [Note] Event Scheduler: Loaded 0 events
2019-02-25T03:04:08.063727Z 0 [Note] /usr/sbin/mysqld: ready for connections.
Version: '5.7.23'  socket: '/var/run/mysqld/mysqld.sock'  port: 3306  MySQL Community Server (GPL)
2019-02-25T05:02:55.070633Z 0 [Note] Giving 0 client threads a chance to die gracefully
2019-02-25T05:02:55.071014Z 0 [Note] Shutting down slave threads
2019-02-25T05:02:55.071176Z 0 [Note] Forcefully disconnecting 0 remaining clients
2019-02-25T05:02:55.074984Z 0 [Note] Event Scheduler: Purging the queue. 0 events
2019-02-25T05:02:55.075213Z 0 [Note] Binlog end
2019-02-25T05:02:55.085827Z 0 [Note] Shutting down plugin 'ngram'
2019-02-25T05:02:55.097068Z 0 [Note] Shutting down plugin 'partition'
2019-02-25T05:02:55.097351Z 0 [Note] Shutting down plugin 'BLACKHOLE'
2019-02-25T05:02:55.097441Z 0 [Note] Shutting down plugin 'ARCHIVE'
2019-02-25T05:02:55.097568Z 0 [Note] Shutting down plugin 'PERFORMANCE_SCHEMA'
2019-02-25T05:02:55.097911Z 0 [Note] Shutting down plugin 'MRG_MYISAM'
2019-02-25T05:02:55.098029Z 0 [Note] Shutting down plugin 'MyISAM'
2019-02-25T05:02:55.098163Z 0 [Note] Shutting down plugin 'INNODB_SYS_VIRTUAL'
2019-02-25T05:02:55.098275Z 0 [Note] Shutting down plugin 'INNODB_SYS_DATAFILES'
2019-02-25T05:02:55.098370Z 0 [Note] Shutting down plugin 'INNODB_SYS_TABLESPACES'
2019-02-25T05:02:55.098481Z 0 [Note] Shutting down plugin 'INNODB_SYS_FOREIGN_COLS'
2019-02-25T05:02:55.098890Z 0 [Note] Shutting down plugin 'INNODB_SYS_FOREIGN'
2019-02-25T05:02:55.099113Z 0 [Note] Shutting down plugin 'INNODB_SYS_FIELDS'
2019-02-25T05:02:55.099337Z 0 [Note] Shutting down plugin 'INNODB_SYS_COLUMNS'
2019-02-25T05:02:55.100052Z 0 [Note] Shutting down plugin 'INNODB_SYS_INDEXES'
2019-02-25T05:02:55.100235Z 0 [Note] Shutting down plugin 'INNODB_SYS_TABLESTATS'
2019-02-25T05:02:55.100785Z 0 [Note] Shutting down plugin 'INNODB_SYS_TABLES'
2019-02-25T05:02:55.101370Z 0 [Note] Shutting down plugin 'INNODB_FT_INDEX_TABLE'
2019-02-25T05:02:55.101601Z 0 [Note] Shutting down plugin 'INNODB_FT_INDEX_CACHE'
2019-02-25T05:02:55.103765Z 0 [Note] Shutting down plugin 'INNODB_FT_CONFIG'
2019-02-25T05:02:55.104074Z 0 [Note] Shutting down plugin 'INNODB_FT_BEING_DELETED'
2019-02-25T05:02:55.109097Z 0 [Note] Shutting down plugin 'INNODB_FT_DELETED'
2019-02-25T05:02:55.109246Z 0 [Note] Shutting down plugin 'INNODB_FT_DEFAULT_STOPWORD'
2019-02-25T05:02:55.109355Z 0 [Note] Shutting down plugin 'INNODB_METRICS'
2019-02-25T05:02:55.109458Z 0 [Note] Shutting down plugin 'INNODB_TEMP_TABLE_INFO'
2019-02-25T05:02:55.109908Z 0 [Note] Shutting down plugin 'INNODB_BUFFER_POOL_STATS'
2019-02-25T05:02:55.110258Z 0 [Note] Shutting down plugin 'INNODB_BUFFER_PAGE_LRU'
2019-02-25T05:02:55.110582Z 0 [Note] Shutting down plugin 'INNODB_BUFFER_PAGE'
2019-02-25T05:02:55.110727Z 0 [Note] Shutting down plugin 'INNODB_CMP_PER_INDEX_RESET'
2019-02-25T05:02:55.117801Z 0 [Note] Shutting down plugin 'INNODB_CMP_PER_INDEX'
2019-02-25T05:02:55.117975Z 0 [Note] Shutting down plugin 'INNODB_CMPMEM_RESET'
2019-02-25T05:02:55.118549Z 0 [Note] Shutting down plugin 'INNODB_CMPMEM'
2019-02-25T05:02:55.119109Z 0 [Note] Shutting down plugin 'INNODB_CMP_RESET'
2019-02-25T05:02:55.119260Z 0 [Note] Shutting down plugin 'INNODB_CMP'
2019-02-25T05:02:55.119394Z 0 [Note] Shutting down plugin 'INNODB_LOCK_WAITS'
2019-02-25T05:02:55.119522Z 0 [Note] Shutting down plugin 'INNODB_LOCKS'
2019-02-25T05:02:55.119736Z 0 [Note] Shutting down plugin 'INNODB_TRX'
2019-02-25T05:02:55.120013Z 0 [Note] Shutting down plugin 'InnoDB'
2019-02-25T05:02:55.120365Z 0 [Note] InnoDB: FTS optimize thread exiting.
2019-02-25T05:02:55.120782Z 0 [Note] InnoDB: Starting shutdown...
2019-02-25T05:02:55.221209Z 0 [Note] InnoDB: Dumping buffer pool(s) to /var/lib/mysql/ib_buffer_pool
2019-02-25T05:02:55.224569Z 0 [Note] InnoDB: Buffer pool(s) dump completed at 190225  5:02:55
2019-02-25T05:02:56.136539Z 0 [Note] InnoDB: Shutdown completed; log sequence number 4117329
2019-02-25T05:02:56.151597Z 0 [Note] InnoDB: Removed temporary tablespace data file: "ibtmp1"
2019-02-25T05:02:56.152517Z 0 [Note] Shutting down plugin 'MEMORY'
2019-02-25T05:02:56.152939Z 0 [Note] Shutting down plugin 'CSV'
2019-02-25T05:02:56.153880Z 0 [Note] Shutting down plugin 'sha256_password'
2019-02-25T05:02:56.154036Z 0 [Note] Shutting down plugin 'mysql_native_password'
2019-02-25T05:02:56.154752Z 0 [Note] Shutting down plugin 'binlog'
2019-02-25T05:02:56.162571Z 0 [Note] /usr/sbin/mysqld: Shutdown complete

2019-02-25T23:22:11.472017Z 0 [Warning] TIMESTAMP with implicit DEFAULT value is deprecated. Please use --explicit_defaults_for_timestamp server option (see documentation for more details).
2019-02-25T23:22:11.605185Z 0 [Note] /usr/sbin/mysqld (mysqld 5.7.23) starting as process 80 ...
2019-02-25T23:22:11.967679Z 0 [Note] InnoDB: PUNCH HOLE support available
2019-02-25T23:22:11.968336Z 0 [Note] InnoDB: Mutexes and rw_locks use GCC atomic builtins
2019-02-25T23:22:11.969307Z 0 [Note] InnoDB: Uses event mutexes
2019-02-25T23:22:11.969877Z 0 [Note] InnoDB: GCC builtin __atomic_thread_fence() is used for memory barrier
2019-02-25T23:22:11.970283Z 0 [Note] InnoDB: Compressed tables use zlib 1.2.3
2019-02-25T23:22:11.970857Z 0 [Note] InnoDB: Using Linux native AIO
2019-02-25T23:22:11.974204Z 0 [Note] InnoDB: Number of pools: 1
2019-02-25T23:22:11.980781Z 0 [Note] InnoDB: Using CPU crc32 instructions
2019-02-25T23:22:11.996160Z 0 [Note] InnoDB: Initializing buffer pool, total size = 32M, instances = 1, chunk size = 32M
2019-02-25T23:22:12.012279Z 0 [Note] InnoDB: Completed initialization of buffer pool
2019-02-25T23:22:12.017929Z 0 [Note] InnoDB: If the mysqld execution user is authorized, page cleaner thread priority can be changed. See the man page of setpriority().
2019-02-25T23:22:12.124004Z 0 [Note] InnoDB: Highest supported file format is Barracuda.
2019-02-25T23:22:13.749099Z 0 [Note] InnoDB: Creating shared tablespace for temporary tables
2019-02-25T23:22:13.750150Z 0 [Note] InnoDB: Setting file './ibtmp1' size to 12 MB. Physically writing the file full; Please wait ...
2019-02-25T23:22:14.131845Z 0 [Note] InnoDB: File './ibtmp1' size is now 12 MB.
2019-02-25T23:22:14.132753Z 0 [Note] InnoDB: 96 redo rollback segment(s) found. 96 redo rollback segment(s) are active.
2019-02-25T23:22:14.132977Z 0 [Note] InnoDB: 32 non-redo rollback segment(s) are active.
2019-02-25T23:22:14.133734Z 0 [Note] InnoDB: Waiting for purge to start
2019-02-25T23:22:14.184594Z 0 [Note] InnoDB: 5.7.23 started; log sequence number 4117329
2019-02-25T23:22:14.186136Z 0 [Note] InnoDB: Loading buffer pool(s) from /var/lib/mysql/ib_buffer_pool
2019-02-25T23:22:14.217599Z 0 [Note] Plugin 'FEDERATED' is disabled.
2019-02-25T23:22:16.827000Z 0 [Warning] Failed to set up SSL because of the following SSL library error: SSL context is not usable without certificate and private key
2019-02-25T23:22:16.827756Z 0 [Note] Server hostname (bind-address): '*'; port: 3306
2019-02-25T23:22:16.939949Z 0 [Note] IPv6 is available.
2019-02-25T23:22:16.943651Z 0 [Note]   - '::' resolves to '::';
2019-02-25T23:22:16.944090Z 0 [Note] Server socket created on IP: '::'.
2019-02-25T23:22:17.172180Z 0 [Warning] Insecure configuration for --pid-file: Location '/var/run/mysqld' in the path is accessible to all OS users. Consider choosing a different directory.
2019-02-25T23:22:17.771145Z 0 [Warning] 'user' entry 'root@localhost' ignored in --skip-name-resolve mode.
2019-02-25T23:22:17.771697Z 0 [Warning] 'user' entry 'mysql.session@localhost' ignored in --skip-name-resolve mode.
2019-02-25T23:22:17.772047Z 0 [Warning] 'user' entry 'mysql.sys@localhost' ignored in --skip-name-resolve mode.
2019-02-25T23:22:17.795112Z 0 [Warning] 'db' entry 'performance_schema mysql.session@localhost' ignored in --skip-name-resolve mode.
2019-02-25T23:22:17.795480Z 0 [Warning] 'db' entry 'sys mysql.sys@localhost' ignored in --skip-name-resolve mode.
2019-02-25T23:22:17.811745Z 0 [Warning] 'proxies_priv' entry '@ root@localhost' ignored in --skip-name-resolve mode.
2019-02-25T23:22:18.707888Z 0 [Warning] 'tables_priv' entry 'user mysql.session@localhost' ignored in --skip-name-resolve mode.
2019-02-25T23:22:18.708453Z 0 [Warning] 'tables_priv' entry 'sys_config mysql.sys@localhost' ignored in --skip-name-resolve mode.
2019-02-25T23:22:18.759240Z 0 [Note] InnoDB: Buffer pool(s) load completed at 190225 23:22:18
2019-02-25T23:22:19.591096Z 0 [Note] Event Scheduler: Loaded 0 events
2019-02-25T23:22:19.591806Z 0 [Note] /usr/sbin/mysqld: ready for connections.
Version: '5.7.23'  socket: '/var/run/mysqld/mysqld.sock'  port: 3306  MySQL Community Server (GPL)
2019-02-26T02:01:37.654871Z 0 [Note] InnoDB: page_cleaner: 1000ms intended loop took 3518405ms. The settings might not be optimal. (flushed=0 and evicted=0, during the time.)
2019-02-27T04:08:24.702011Z 0 [Note] InnoDB: page_cleaner: 1000ms intended loop took 91080556ms. The settings might not be optimal. (flushed=0 and evicted=0, during the time.)
2019-02-27T04:27:12.300591Z 0 [Note] InnoDB: page_cleaner: 1000ms intended loop took 6063ms. The settings might not be optimal. (flushed=163 and evicted=0, during the time.)
2019-02-27T05:33:50.629100Z 0 [Note] Giving 0 client threads a chance to die gracefully
2019-02-27T05:33:50.630207Z 0 [Note] Shutting down slave threads
2019-02-27T05:33:50.631612Z 0 [Note] Forcefully disconnecting 0 remaining clients
2019-02-27T05:33:50.632124Z 0 [Note] Event Scheduler: Purging the queue. 0 events
2019-02-27T05:33:50.639790Z 0 [Note] Binlog end
2019-02-27T05:33:50.660500Z 0 [Note] Shutting down plugin 'ngram'
2019-02-27T05:33:50.661383Z 0 [Note] Shutting down plugin 'partition'
2019-02-27T05:33:50.661536Z 0 [Note] Shutting down plugin 'BLACKHOLE'
2019-02-27T05:33:50.662379Z 0 [Note] Shutting down plugin 'ARCHIVE'
2019-02-27T05:33:50.663415Z 0 [Note] Shutting down plugin 'PERFORMANCE_SCHEMA'
2019-02-27T05:33:50.664377Z 0 [Note] Shutting down plugin 'MRG_MYISAM'
2019-02-27T05:33:50.665408Z 0 [Note] Shutting down plugin 'MyISAM'
2019-02-27T05:33:50.666263Z 0 [Note] Shutting down plugin 'INNODB_SYS_VIRTUAL'
2019-02-27T05:33:50.666505Z 0 [Note] Shutting down plugin 'INNODB_SYS_DATAFILES'
2019-02-27T05:33:50.666950Z 0 [Note] Shutting down plugin 'INNODB_SYS_TABLESPACES'
2019-02-27T05:33:50.667207Z 0 [Note] Shutting down plugin 'INNODB_SYS_FOREIGN_COLS'
2019-02-27T05:33:50.668190Z 0 [Note] Shutting down plugin 'INNODB_SYS_FOREIGN'
2019-02-27T05:33:50.669164Z 0 [Note] Shutting down plugin 'INNODB_SYS_FIELDS'
2019-02-27T05:33:50.670142Z 0 [Note] Shutting down plugin 'INNODB_SYS_COLUMNS'
2019-02-27T05:33:50.670803Z 0 [Note] Shutting down plugin 'INNODB_SYS_INDEXES'
2019-02-27T05:33:50.671114Z 0 [Note] Shutting down plugin 'INNODB_SYS_TABLESTATS'
2019-02-27T05:33:50.672099Z 0 [Note] Shutting down plugin 'INNODB_SYS_TABLES'
2019-02-27T05:33:50.672877Z 0 [Note] Shutting down plugin 'INNODB_FT_INDEX_TABLE'
2019-02-27T05:33:50.673090Z 0 [Note] Shutting down plugin 'INNODB_FT_INDEX_CACHE'
2019-02-27T05:33:50.673698Z 0 [Note] Shutting down plugin 'INNODB_FT_CONFIG'
2019-02-27T05:33:50.674049Z 0 [Note] Shutting down plugin 'INNODB_FT_BEING_DELETED'
2019-02-27T05:33:50.674996Z 0 [Note] Shutting down plugin 'INNODB_FT_DELETED'
2019-02-27T05:33:50.676013Z 0 [Note] Shutting down plugin 'INNODB_FT_DEFAULT_STOPWORD'
2019-02-27T05:33:50.676728Z 0 [Note] Shutting down plugin 'INNODB_METRICS'
2019-02-27T05:33:50.677000Z 0 [Note] Shutting down plugin 'INNODB_TEMP_TABLE_INFO'
2019-02-27T05:33:50.678000Z 0 [Note] Shutting down plugin 'INNODB_BUFFER_POOL_STATS'
2019-02-27T05:33:50.678692Z 0 [Note] Shutting down plugin 'INNODB_BUFFER_PAGE_LRU'
2019-02-27T05:33:50.678945Z 0 [Note] Shutting down plugin 'INNODB_BUFFER_PAGE'
2019-02-27T05:33:50.680007Z 0 [Note] Shutting down plugin 'INNODB_CMP_PER_INDEX_RESET'
2019-02-27T05:33:50.680695Z 0 [Note] Shutting down plugin 'INNODB_CMP_PER_INDEX'
2019-02-27T05:33:50.680897Z 0 [Note] Shutting down plugin 'INNODB_CMPMEM_RESET'
2019-02-27T05:33:50.681934Z 0 [Note] Shutting down plugin 'INNODB_CMPMEM'
2019-02-27T05:33:50.682158Z 0 [Note] Shutting down plugin 'INNODB_CMP_RESET'
2019-02-27T05:33:50.682513Z 0 [Note] Shutting down plugin 'INNODB_CMP'
2019-02-27T05:33:50.682732Z 0 [Note] Shutting down plugin 'INNODB_LOCK_WAITS'
2019-02-27T05:33:50.682862Z 0 [Note] Shutting down plugin 'INNODB_LOCKS'
2019-02-27T05:33:50.683124Z 0 [Note] Shutting down plugin 'INNODB_TRX'
2019-02-27T05:33:50.683857Z 0 [Note] Shutting down plugin 'InnoDB'
2019-02-27T05:33:50.684907Z 0 [Note] InnoDB: FTS optimize thread exiting.
2019-02-27T05:33:50.685746Z 0 [Note] InnoDB: Starting shutdown...
2019-02-27T05:33:50.786738Z 0 [Note] InnoDB: Dumping buffer pool(s) to /var/lib/mysql/ib_buffer_pool
2019-02-27T05:33:50.788403Z 0 [Note] InnoDB: Buffer pool(s) dump completed at 190227  5:33:50
2019-02-27T05:33:52.202071Z 0 [Note] InnoDB: Shutdown completed; log sequence number 4928788
2019-02-27T05:33:52.204303Z 0 [Note] InnoDB: Removed temporary tablespace data file: "ibtmp1"
2019-02-27T05:33:52.204553Z 0 [Note] Shutting down plugin 'MEMORY'
2019-02-27T05:33:52.204695Z 0 [Note] Shutting down plugin 'CSV'
2019-02-27T05:33:52.204828Z 0 [Note] Shutting down plugin 'sha256_password'
2019-02-27T05:33:52.204956Z 0 [Note] Shutting down plugin 'mysql_native_password'
2019-02-27T05:33:52.205209Z 0 [Note] Shutting down plugin 'binlog'
2019-02-27T05:33:52.205803Z 0 [Note] /usr/sbin/mysqld: Shutdown complete

